<?xml version="1.0" encoding="UTF-8"?>
<!-- Generated by org.testng.reporters.JUnitReportReporter -->
<testsuite skipped="0" hostname="Ashni-PC1" name="testCases.Test5" tests="1" failures="0" timestamp="10 Feb 2023 20:59:14 GMT" time="10.093" errors="0">
  <testcase name="validateBtnVisibility" time="10.093" classname="testCases.Test5"/>
</testsuite> <!-- testCases.Test5 -->
