<?xml version="1.0" encoding="UTF-8"?>
<!-- Generated by org.testng.reporters.JUnitReportReporter -->
<testsuite skipped="0" hostname="Ashni-PC1" name="testCases.Test2" tests="1" failures="0" timestamp="11 Feb 2023 22:38:42 GMT" time="0.181" errors="0">
  <testcase name="validateListItms" time="0.181" classname="testCases.Test2"/>
</testsuite> <!-- testCases.Test2 -->
