<?xml version="1.0" encoding="UTF-8"?>
<!-- Generated by org.testng.reporters.JUnitReportReporter -->
<testsuite skipped="0" hostname="Ashni-PC1" name="testCases.Test3" tests="1" failures="0" timestamp="10 Feb 2023 21:08:42 GMT" time="16.005" errors="0">
  <testcase name="validateDrpDwn" time="16.005" classname="testCases.Test3"/>
</testsuite> <!-- testCases.Test3 -->
